[debug] [2022-04-11T05:47:24.531Z] ----------------------------------------------------------------------
[debug] [2022-04-11T05:47:24.534Z] Command:       /usr/local/bin/node /usr/local/bin/firebase emulators:start --only functions
[debug] [2022-04-11T05:47:24.534Z] CLI Version:   10.6.0
[debug] [2022-04-11T05:47:24.534Z] Platform:      darwin
[debug] [2022-04-11T05:47:24.534Z] Node Version:  v17.6.0
[debug] [2022-04-11T05:47:24.536Z] Time:          Sun Apr 10 2022 22:47:24 GMT-0700 (Pacific Daylight Time)
[debug] [2022-04-11T05:47:24.536Z] ----------------------------------------------------------------------
[debug] 
[debug] [2022-04-11T05:47:24.593Z] > command requires scopes: ["email","openid","https://www.googleapis.com/auth/cloudplatformprojects.readonly","https://www.googleapis.com/auth/firebase","https://www.googleapis.com/auth/cloud-platform"]
[debug] [2022-04-11T05:47:24.593Z] > authorizing via signed-in user (doiverson.canada@gmail.com)
[info] i  emulators: Starting emulators: functions {"metadata":{"emulator":{"name":"hub"},"message":"Starting emulators: functions"}}
[debug] [2022-04-11T05:47:24.684Z] [hub] writing locator at /var/folders/lq/4lmll7cx3lz7jkx2qtqxk__w0000gn/T/hub-fir-react-6059c.json
[warn] ⚠  functions: The following emulators are not running, calls to these services from the Functions emulator will affect production: auth, firestore, database, hosting, pubsub, storage {"metadata":{"emulator":{"name":"functions"},"message":"The following emulators are not running, calls to these services from the Functions emulator will affect production: \u001b[1mauth, firestore, database, hosting, pubsub, storage\u001b[22m"}}
[warn] ⚠  Your requested "node" version "16" doesn't match your global version "17". Using node@17 from host. {"metadata":{"emulator":{"name":"functions"},"message":"Your requested \"node\" version \"16\" doesn't match your global version \"17\". Using node@17 from host."}}
[debug] [2022-04-11T05:47:24.997Z] defaultcredentials: writing to file /Users/sho/.config/firebase/doiverson_canada_gmail.com_application_default_credentials.json
[debug] [2022-04-11T05:47:24.999Z] Setting GAC to /Users/sho/.config/firebase/doiverson_canada_gmail.com_application_default_credentials.json {"metadata":{"emulator":{"name":"functions"},"message":"Setting GAC to /Users/sho/.config/firebase/doiverson_canada_gmail.com_application_default_credentials.json"}}
[debug] [2022-04-11T05:47:25.003Z] >>> [apiv2][query] GET https://firebase.googleapis.com/v1beta1/projects/fir-react-6059c/adminSdkConfig [none]
[debug] [2022-04-11T05:47:25.249Z] <<< [apiv2][status] GET https://firebase.googleapis.com/v1beta1/projects/fir-react-6059c/adminSdkConfig 200
[debug] [2022-04-11T05:47:25.249Z] <<< [apiv2][body] GET https://firebase.googleapis.com/v1beta1/projects/fir-react-6059c/adminSdkConfig {"projectId":"fir-react-6059c","storageBucket":"fir-react-6059c.appspot.com","locationId":"us-west2"}
[info] i  ui: downloading ui-v1.6.5.zip... {"metadata":{"emulator":{"name":"ui"},"message":"downloading ui-v1.6.5.zip..."}}
[debug] [2022-04-11T05:47:25.313Z] >>> [apiv2][query] GET https://storage.googleapis.com/firebase-preview-drop/emulator/ui-v1.6.5.zip 
[debug] [2022-04-11T05:47:25.512Z] <<< [apiv2][status] GET https://storage.googleapis.com/firebase-preview-drop/emulator/ui-v1.6.5.zip 200
[debug] [2022-04-11T05:47:25.513Z] <<< [apiv2][body] GET https://storage.googleapis.com/firebase-preview-drop/emulator/ui-v1.6.5.zip [stream]
[debug] [2022-04-11T05:47:26.128Z] Ignoring unsupported arg: auto_download {"metadata":{"emulator":{"name":"ui"},"message":"Ignoring unsupported arg: auto_download"}}
[debug] [2022-04-11T05:47:26.129Z] Ignoring unsupported arg: port {"metadata":{"emulator":{"name":"ui"},"message":"Ignoring unsupported arg: port"}}
[debug] [2022-04-11T05:47:26.129Z] Starting Emulator UI with command {"binary":"node","args":["/Users/sho/.cache/firebase/emulators/ui-v1.6.5/server.bundle.js"],"optionalArgs":[],"joinArgs":false} {"metadata":{"emulator":{"name":"ui"},"message":"Starting Emulator UI with command {\"binary\":\"node\",\"args\":[\"/Users/sho/.cache/firebase/emulators/ui-v1.6.5/server.bundle.js\"],\"optionalArgs\":[],\"joinArgs\":false}"}}
[info] i  ui: Emulator UI logging to ui-debug.log {"metadata":{"emulator":{"name":"ui"},"message":"Emulator UI logging to \u001b[1mui-debug.log\u001b[22m"}}
[debug] [2022-04-11T05:47:26.247Z] Web / API server started at localhost:4000
 {"metadata":{"emulator":{"name":"ui"},"message":"Web / API server started at localhost:4000\n"}}
[info] i  functions: Watching "/Users/sho/Documents/firebase/functions" for Cloud Functions... {"metadata":{"emulator":{"name":"functions"},"message":"Watching \"/Users/sho/Documents/firebase/functions\" for Cloud Functions..."}}
[debug] [2022-04-11T05:47:26.413Z] Validating nodejs source
[debug] [2022-04-11T05:47:28.094Z] > [functions] package.json contents: {
  "name": "functions",
  "description": "Cloud Functions for Firebase",
  "scripts": {
    "serve": "firebase emulators:start --only functions",
    "shell": "firebase functions:shell",
    "start": "npm run shell",
    "deploy": "firebase deploy --only functions",
    "logs": "firebase functions:log"
  },
  "engines": {
    "node": "16"
  },
  "main": "index.js",
  "dependencies": {
    "cors": "^2.8.5",
    "firebase-admin": "^10.0.2",
    "firebase-functions": "^3.18.0",
    "nodemailer": "^6.7.3"
  },
  "devDependencies": {
    "firebase-functions-test": "^0.2.0"
  },
  "private": true
}
[debug] [2022-04-11T05:47:28.094Z] Building nodejs source
[debug] [2022-04-11T05:47:28.094Z] Analyzing nodejs backend spec
[info] ✔  functions[us-central1-sendEmail]: http function initialized (http://localhost:5001/fir-react-6059c/us-central1/sendEmail). {"metadata":{"emulator":{"name":"functions"},"message":"\u001b[1mhttp\u001b[22m function initialized (http://localhost:5001/fir-react-6059c/us-central1/sendEmail)."}}
[info] 
┌─────────────────────────────────────────────────────────────┐
│ ✔  All emulators ready! It is now safe to connect your app. │
│ i  View Emulator UI at http://localhost:4000                │
└─────────────────────────────────────────────────────────────┘

┌───────────┬────────────────┬─────────────────────────────────┐
│ Emulator  │ Host:Port      │ View in Emulator UI             │
├───────────┼────────────────┼─────────────────────────────────┤
│ Functions │ localhost:5001 │ http://localhost:4000/functions │
└───────────┴────────────────┴─────────────────────────────────┘
  Emulator Hub running at localhost:4400
  Other reserved ports: 4500

Issues? Report them at https://github.com/firebase/firebase-tools/issues and attach the *-debug.log files.
 
